<?xml version="1.0" encoding="UTF-8"?>
<!-- Generated by org.testng.reporters.JUnitReportReporter -->
<testsuite hostname="Vicky" failures="0" tests="1" name="Practice.CalendarMakeMyTripp" time="6.672" errors="0" timestamp="2023-08-19T18:06:16 IST" skipped="0">
  <testcase classname="Practice.CalendarMakeMyTripp" name="makeMyTrip" time="6.672"/>
  <system-out/>
</testsuite> <!-- Practice.CalendarMakeMyTripp -->
