<?xml version="1.0" encoding="UTF-8"?>
<!-- Generated by org.testng.reporters.JUnitReportReporter -->
<testsuite hostname="Vicky" failures="0" tests="1" name="Practice.ReadDataFromCMDLineTest" time="0.008" errors="0" timestamp="2023-08-21T10:02:42 IST" skipped="0">
  <testcase classname="Practice.ReadDataFromCMDLineTest" name="readDataFromCmd" time="0.008"/>
  <system-out/>
</testsuite> <!-- Practice.ReadDataFromCMDLineTest -->
