<?xml version="1.0" encoding="UTF-8"?>
<!-- Generated by org.testng.reporters.JUnitReportReporter -->
<testsuite hostname="Vicky" failures="0" tests="1" name="MavenSuiteFileCmdLine.UserCreation" time="0.007" errors="0" timestamp="2023-08-21T15:08:02 IST" skipped="0">
  <testcase classname="MavenSuiteFileCmdLine.UserCreation" name="deleteUser" time="0.007"/>
  <system-out/>
</testsuite> <!-- MavenSuiteFileCmdLine.UserCreation -->
